The system is: Windows - 10.0.19536 - AMD64
Compiling the C compiler identification source file "CMakeCCompilerId.c" succeeded.
Compiler: C:/MinGW/bin/gcc.exe 
Build flags: 
Id flags:  

The output was:
0


Compilation of the C compiler identification source "CMakeCCompilerId.c" produced "a.exe"

The C compiler identification is GNU, found in "C:/Users/world/CLionProjects/grpwk_/cmake-build-debug/CMakeFiles/3.15.3/CompilerIdC/a.exe"

Determining if the C compiler works passed with the following output:
Change Dir: C:/Users/world/CLionProjects/grpwk_/cmake-build-debug/CMakeFiles/CMakeTmp

Run Build Command(s):C:/MinGW/bin/mingw32-make.exe cmTC_132b0/fast && C:/MinGW/bin/mingw32-make.exe -f CMakeFiles\cmTC_132b0.dir\build.make CMakeFiles/cmTC_132b0.dir/build
mingw32-make.exe[1]: Entering directory 'C:/Users/world/CLionProjects/grpwk_/cmake-build-debug/CMakeFiles/CMakeTmp'
Building C object CMakeFiles/cmTC_132b0.dir/testCCompiler.c.obj
C:\MinGW\bin\gcc.exe    -o CMakeFiles\cmTC_132b0.dir\testCCompiler.c.obj   -c C:\Users\world\CLionProjects\grpwk_\cmake-build-debug\CMakeFiles\CMakeTmp\testCCompiler.c
Linking C executable cmTC_132b0.exe
C:\Users\world\AppData\Local\JetBrains\Toolbox\apps\CLion\ch-0\193.5233.144\bin\cmake\win\bin\cmake.exe -E cmake_link_script CMakeFiles\cmTC_132b0.dir\link.txt --verbose=1
C:\Users\world\AppData\Local\JetBrains\Toolbox\apps\CLion\ch-0\193.5233.144\bin\cmake\win\bin\cmake.exe -E remove -f CMakeFiles\cmTC_132b0.dir/objects.a
C:\MinGW\bin\ar.exe cr CMakeFiles\cmTC_132b0.dir/objects.a @CMakeFiles\cmTC_132b0.dir\objects1.rsp
C:\MinGW\bin\gcc.exe      -Wl,--whole-archive CMakeFiles\cmTC_132b0.dir/objects.a -Wl,--no-whole-archive  -o cmTC_132b0.exe -Wl,--out-implib,libcmTC_132b0.dll.a -Wl,--major-image-version,0,--minor-image-version,0 @CMakeFiles\cmTC_132b0.dir\linklibs.rsp
mingw32-make.exe[1]: Leaving directory 'C:/Users/world/CLionProjects/grpwk_/cmake-build-debug/CMakeFiles/CMakeTmp'



